<?xml version="1.0" encoding="UTF-8"?>
<!-- Generated by org.testng.reporters.JUnitReportReporter -->
<testsuite skipped="0" hostname="tgn358" name="com.sit.anchal.test.TestCases" tests="2" failures="0" timestamp="2020-03-16T11:58:43 IST" time="26.235" errors="0">
  <testcase name="loginTest" time="17.769" classname="com.sit.anchal.test.TestCases"/>
  <system-out/>
  <testcase name="addBeneficiary" time="8.466" classname="com.sit.anchal.test.TestCases"/>
  <system-out/>
</testsuite> <!-- com.sit.anchal.test.TestCases -->
